  Animation.cpp
  GameManager.cpp
  GameObject.cpp
GameObject.cpp(10): warning C4244: 'argument': conversion from 'int' to 'float', possible loss of data
  InputManager.cpp
  Level.cpp
  Level1.cpp
Level1.cpp(16): warning C4244: 'argument': conversion from 'float' to 'int', possible loss of data
Level1.cpp(17): warning C4244: 'argument': conversion from 'float' to 'int', possible loss of data
Level1.cpp(18): warning C4244: 'argument': conversion from 'float' to 'int', possible loss of data
Level1.cpp(19): warning C4244: 'argument': conversion from 'float' to 'int', possible loss of data
Level1.cpp(20): warning C4244: 'argument': conversion from 'float' to 'int', possible loss of data
Level1.cpp(21): warning C4244: 'argument': conversion from 'float' to 'int', possible loss of data
Level1.cpp(22): warning C4244: 'argument': conversion from 'float' to 'int', possible loss of data
Level1.cpp(23): warning C4244: 'argument': conversion from 'float' to 'int', possible loss of data
Level1.cpp(24): warning C4244: 'argument': conversion from 'float' to 'int', possible loss of data
Level1.cpp(25): warning C4244: 'argument': conversion from 'float' to 'int', possible loss of data
Level1.cpp(26): warning C4244: 'argument': conversion from 'float' to 'int', possible loss of data
Level1.cpp(27): warning C4244: 'argument': conversion from 'float' to 'int', possible loss of data
Level1.cpp(28): warning C4244: 'argument': conversion from 'float' to 'int', possible loss of data
Level1.cpp(29): warning C4244: 'argument': conversion from 'float' to 'int', possible loss of data
Level1.cpp(30): warning C4244: 'argument': conversion from 'float' to 'int', possible loss of data
Level1.cpp(31): warning C4244: 'argument': conversion from 'float' to 'int', possible loss of data
Level1.cpp(32): warning C4244: 'argument': conversion from 'float' to 'int', possible loss of data
Level1.cpp(33): warning C4244: 'argument': conversion from 'float' to 'int', possible loss of data
Level1.cpp(34): warning C4244: 'argument': conversion from 'float' to 'int', possible loss of data
Level1.cpp(35): warning C4244: 'argument': conversion from 'float' to 'int', possible loss of data
Level1.cpp(36): warning C4244: 'argument': conversion from 'float' to 'int', possible loss of data
Level1.cpp(37): warning C4244: 'argument': conversion from 'float' to 'int', possible loss of data
Level1.cpp(38): warning C4244: 'argument': conversion from 'float' to 'int', possible loss of data
Level1.cpp(39): warning C4244: 'argument': conversion from 'float' to 'int', possible loss of data
Level1.cpp(40): warning C4244: 'argument': conversion from 'float' to 'int', possible loss of data
Level1.cpp(41): warning C4244: 'argument': conversion from 'float' to 'int', possible loss of data
Level1.cpp(42): warning C4244: 'argument': conversion from 'float' to 'int', possible loss of data
Level1.cpp(43): warning C4244: 'argument': conversion from 'float' to 'int', possible loss of data
Level1.cpp(44): warning C4244: 'argument': conversion from 'float' to 'int', possible loss of data
Level1.cpp(45): warning C4244: 'argument': conversion from 'float' to 'int', possible loss of data
Level1.cpp(46): warning C4244: 'argument': conversion from 'float' to 'int', possible loss of data
Level1.cpp(47): warning C4244: 'argument': conversion from 'float' to 'int', possible loss of data
Level1.cpp(48): warning C4244: 'argument': conversion from 'float' to 'int', possible loss of data
Level1.cpp(49): warning C4244: 'argument': conversion from 'float' to 'int', possible loss of data
Level1.cpp(50): warning C4244: 'argument': conversion from 'float' to 'int', possible loss of data
Level1.cpp(51): warning C4244: 'argument': conversion from 'float' to 'int', possible loss of data
Level1.cpp(52): warning C4244: 'argument': conversion from 'float' to 'int', possible loss of data
Level1.cpp(54): warning C4244: 'argument': conversion from 'float' to 'int', possible loss of data
Level1.cpp(55): warning C4244: 'argument': conversion from 'float' to 'int', possible loss of data
Level1.cpp(56): warning C4244: 'argument': conversion from 'float' to 'int', possible loss of data
Level1.cpp(57): warning C4244: 'argument': conversion from 'float' to 'int', possible loss of data
Level1.cpp(58): warning C4244: 'argument': conversion from 'float' to 'int', possible loss of data
Level1.cpp(59): warning C4244: 'argument': conversion from 'float' to 'int', possible loss of data
Level1.cpp(60): warning C4244: 'argument': conversion from 'float' to 'int', possible loss of data
Level1.cpp(61): warning C4244: 'argument': conversion from 'float' to 'int', possible loss of data
Level1.cpp(62): warning C4244: 'argument': conversion from 'float' to 'int', possible loss of data
Level1.cpp(63): warning C4244: 'argument': conversion from 'float' to 'int', possible loss of data
Level1.cpp(64): warning C4244: 'argument': conversion from 'float' to 'int', possible loss of data
Level1.cpp(65): warning C4244: 'argument': conversion from 'float' to 'int', possible loss of data
Level1.cpp(66): warning C4244: 'argument': conversion from 'float' to 'int', possible loss of data
Level1.cpp(67): warning C4244: 'argument': conversion from 'float' to 'int', possible loss of data
Level1.cpp(68): warning C4244: 'argument': conversion from 'float' to 'int', possible loss of data
Level1.cpp(69): warning C4244: 'argument': conversion from 'float' to 'int', possible loss of data
Level1.cpp(70): warning C4244: 'argument': conversion from 'float' to 'int', possible loss of data
Level1.cpp(71): warning C4244: 'argument': conversion from 'float' to 'int', possible loss of data
Level1.cpp(72): warning C4244: 'argument': conversion from 'float' to 'int', possible loss of data
Level1.cpp(73): warning C4244: 'argument': conversion from 'float' to 'int', possible loss of data
Level1.cpp(74): warning C4244: 'argument': conversion from 'float' to 'int', possible loss of data
Level1.cpp(75): warning C4244: 'argument': conversion from 'float' to 'int', possible loss of data
Level1.cpp(76): warning C4244: 'argument': conversion from 'float' to 'int', possible loss of data
Level1.cpp(77): warning C4244: 'argument': conversion from 'float' to 'int', possible loss of data
Level1.cpp(78): warning C4244: 'argument': conversion from 'float' to 'int', possible loss of data
Level1.cpp(79): warning C4244: 'argument': conversion from 'float' to 'int', possible loss of data
Level1.cpp(80): warning C4244: 'argument': conversion from 'float' to 'int', possible loss of data
Level1.cpp(81): warning C4244: 'argument': conversion from 'float' to 'int', possible loss of data
Level1.cpp(82): warning C4244: 'argument': conversion from 'float' to 'int', possible loss of data
Level1.cpp(83): warning C4244: 'argument': conversion from 'float' to 'int', possible loss of data
  Main.cpp
  Menu.cpp
  Physics.cpp
  Player.cpp
  Rect.cpp
  Timer.cpp
  Window.cpp
Window.cpp(31): warning C4244: 'argument': conversion from 'float' to 'int', possible loss of data
  Generating code
  All 180 functions were compiled because no usable IPDB/IOBJ from previous compilation was found.
  Finished generating code
  SDL_Lucas_Kanabe_Final.vcxproj -> C:\GameDev\CompleteProjects\SDL_Lucas_Kanabe_Final\Release\SDL_Lucas_Kanabe_Final.exe
