c:\gamedev\_projects\object orientated analysis and design\sdl_lucas_kanabe_final\sdl_lucas_kanabe_final\debug\vc140.pdb
c:\gamedev\_projects\object orientated analysis and design\sdl_lucas_kanabe_final\sdl_lucas_kanabe_final\debug\vc140.idb
c:\gamedev\_projects\object orientated analysis and design\sdl_lucas_kanabe_final\sdl_lucas_kanabe_final\debug\main.obj
c:\gamedev\_projects\object orientated analysis and design\sdl_lucas_kanabe_final\sdl_lucas_kanabe_final\debug\window.obj
c:\gamedev\_projects\object orientated analysis and design\sdl_lucas_kanabe_final\sdl_lucas_kanabe_final\debug\rect.obj
c:\gamedev\_projects\object orientated analysis and design\sdl_lucas_kanabe_final\sdl_lucas_kanabe_final\debug\gamemanager.obj
c:\gamedev\_projects\object orientated analysis and design\sdl_lucas_kanabe_final\sdl_lucas_kanabe_final\debug\level.obj
c:\gamedev\_projects\object orientated analysis and design\sdl_lucas_kanabe_final\sdl_lucas_kanabe_final\debug\menu.obj
c:\gamedev\_projects\object orientated analysis and design\sdl_lucas_kanabe_final\sdl_lucas_kanabe_final\debug\level1.obj
c:\gamedev\_projects\object orientated analysis and design\sdl_lucas_kanabe_final\sdl_lucas_kanabe_final\debug\inputmanager.obj
c:\gamedev\_projects\object orientated analysis and design\sdl_lucas_kanabe_final\sdl_lucas_kanabe_final\debug\player.obj
c:\gamedev\_projects\object orientated analysis and design\sdl_lucas_kanabe_final\sdl_lucas_kanabe_final\debug\gameobject.obj
c:\gamedev\_projects\object orientated analysis and design\sdl_lucas_kanabe_final\sdl_lucas_kanabe_final\debug\timer.obj
c:\gamedev\_projects\object orientated analysis and design\sdl_lucas_kanabe_final\sdl_lucas_kanabe_final\debug\phsyics.obj
c:\gamedev\_projects\object orientated analysis and design\sdl_lucas_kanabe_final\sdl_lucas_kanabe_final\debug\physics.obj
c:\gamedev\_projects\object orientated analysis and design\sdl_lucas_kanabe_final\debug\sdl_lucas_kanabe_final.ilk
c:\gamedev\_projects\object orientated analysis and design\sdl_lucas_kanabe_final\debug\sdl_lucas_kanabe_final.exe
c:\gamedev\_projects\object orientated analysis and design\sdl_lucas_kanabe_final\debug\sdl_lucas_kanabe_final.pdb
c:\gamedev\_projects\object orientated analysis and design\sdl_lucas_kanabe_final\sdl_lucas_kanabe_final\debug\gamemanager.obj.enc
c:\gamedev\_projects\object orientated analysis and design\sdl_lucas_kanabe_final\sdl_lucas_kanabe_final\debug\level1.obj.enc
c:\gamedev\_projects\object orientated analysis and design\sdl_lucas_kanabe_final\sdl_lucas_kanabe_final\debug\sdl_luca.f08bd45e.tlog\cl.command.1.tlog
c:\gamedev\_projects\object orientated analysis and design\sdl_lucas_kanabe_final\sdl_lucas_kanabe_final\debug\sdl_luca.f08bd45e.tlog\cl.read.1.tlog
c:\gamedev\_projects\object orientated analysis and design\sdl_lucas_kanabe_final\sdl_lucas_kanabe_final\debug\sdl_luca.f08bd45e.tlog\cl.write.1.tlog
c:\gamedev\_projects\object orientated analysis and design\sdl_lucas_kanabe_final\sdl_lucas_kanabe_final\debug\sdl_luca.f08bd45e.tlog\link.command.1.tlog
c:\gamedev\_projects\object orientated analysis and design\sdl_lucas_kanabe_final\sdl_lucas_kanabe_final\debug\sdl_luca.f08bd45e.tlog\link.read.1.tlog
c:\gamedev\_projects\object orientated analysis and design\sdl_lucas_kanabe_final\sdl_lucas_kanabe_final\debug\sdl_luca.f08bd45e.tlog\link.write.1.tlog
